<?xml version="1.0" encoding="UTF-8"?><testsuite errors="0" failures="0" name="Pet API Create, Read , Update and Delete Operations" skipped="0" tests="11" time="23.43" timestamp="2020-12-22 01:36:40"><testcase name="A api GET call with Pet API with valid end point and parameters as petId should returns pet details"/><testcase name="A api GET call with Pet API with valid end point and correct status parameters"/><testcase name="A api POST call with Pet API with valid end point and correct body parameters to add new pet"/><testcase name="A api Put call with Pet API with valid end point and correct body parameters to add new pet"/><testcase name="A api Delete call with Pet API with valid end point and correct body parameters to add new pet"/></testsuite>