<?xml version="1.0" encoding="UTF-8"?><testsuite errors="0" failures="2" name="Pet API Create, Read , Update and Delete Operations" skipped="0" tests="12" time="24.99" timestamp="2020-12-22 11:16:38"><testcase name="A api GET call with Pet API with valid end point and parameters as petId should returns pet details"><failure message="expected:&lt;ava[ila]ble&gt; but was:&lt;ava[lai]ble&gt;" type="java.lang.AssertionError">expected:&lt;ava[ila]ble&gt; but was:&lt;ava[lai]ble&gt;</failure><system-err>expected:&lt;ava[ila]ble&gt; but was:&lt;ava[lai]ble&gt;&#13;
pet.task.api.runners.Pet.steps.PetStepDefinition.petAPIReturnsTheValidPetDetailsOfNameAndStatus(PetStepDefinition.java:63)&#13;
✽.Pet API returns the valid pet details of shadow and available(file:src/test/resources/features/Pet/pets_get.feature:11)&#13;
</system-err></testcase><testcase name="A api GET call with Pet API with valid end point and incorrect parameters"/><testcase name="A api GET call with Pet API with valid end point and correct status parameters"/><testcase name="A api POST call with Pet API with valid end point and correct body parameters to add new pet"/><testcase name="A api Put call with Pet API with valid end point and correct body parameters to add new pet"/><testcase name="A api Delete call with Pet API with valid end point and correct body parameters to add new pet"/></testsuite>